# JRE version: Java(TM) SE Runtime Environment (8.0_91-b15) (build 1.8.0_91-b15)
# Java VM: Java HotSpot(TM) Client VM (25.91-b15 mixed mode, sharing windows-x86 )
Heap:
 def new generation   total 78656K, used 70785K [0x04800000, 0x09d50000, 0x09d50000)
  eden space 69952K, 100% used [0x04800000, 0x08c50000, 0x08c50000)
  from space 8704K,   9% used [0x08c50000, 0x08d204f0, 0x094d0000)
  to   space 8704K,   0% used [0x094d0000, 0x094d0000, 0x09d50000)
 tenured generation   total 174784K, used 174783K [0x09d50000, 0x14800000, 0x14800000)
   the space 174784K,  99% used [0x09d50000, 0x147ffff0, 0x14800000, 0x14800000)
 Metaspace       used 3575K, capacity 3987K, committed 4032K, reserved 4480K
GC Heap History (10 events):
Event: 146.942 GC heap before
{Heap before GC invocations=17 (full 5):
 def new generation   total 78656K, used 69952K [0x04800000, 0x09d50000, 0x09d50000)
  eden space 69952K, 100% used [0x04800000, 0x08c50000, 0x08c50000)
  from space 8704K,   0% used [0x08c50000, 0x08c50000, 0x094d0000)
  to   space 8704K,   0% used [0x094d0000, 0x094d0000, 0x09d50000)
 tenured generation   total 174784K, used 147691K [0x09d50000, 0x14800000, 0x14800000)
   the space 174784K,  84% used [0x09d50000, 0x12d8ac90, 0x12d8ae00, 0x14800000)
 Metaspace       used 3575K, capacity 3987K, committed 4032K, reserved 4480K
Event: 148.094 GC heap after
Heap after GC invocations=18 (full 6):
 def new generation   total 78656K, used 8960K [0x04800000, 0x09d50000, 0x09d50000)
  eden space 69952K,  12% used [0x04800000, 0x050c02b8, 0x08c50000)
  from space 8704K,   0% used [0x08c50000, 0x08c50000, 0x094d0000)
  to   space 8704K,   0% used [0x094d0000, 0x094d0000, 0x09d50000)
 tenured generation   total 174784K, used 174783K [0x09d50000, 0x14800000, 0x14800000)
   the space 174784K,  99% used [0x09d50000, 0x147ffff8, 0x14800000, 0x14800000)
 Metaspace       used 3575K, capacity 3987K, committed 4032K, reserved 4480K
}
Event: 159.514 GC heap before
{Heap before GC invocations=18 (full 6):
 def new generation   total 78656K, used 78656K [0x04800000, 0x09d50000, 0x09d50000)
  eden space 69952K, 100% used [0x04800000, 0x08c50000, 0x08c50000)
  from space 8704K, 100% used [0x08c50000, 0x094d0000, 0x094d0000)
  to   space 8704K,   0% used [0x094d0000, 0x094d0000, 0x09d50000)
 tenured generation   total 174784K, used 174783K [0x09d50000, 0x14800000, 0x14800000)
   the space 174784K,  99% used [0x09d50000, 0x147ffff8, 0x14800000, 0x14800000)
 Metaspace       used 3575K, capacity 3987K, committed 4032K, reserved 4480K
Event: 160.900 GC heap after
Heap after GC invocations=19 (full 7):
 def new generation   total 78656K, used 45843K [0x04800000, 0x09d50000, 0x09d50000)
  eden space 69952K,  65% used [0x04800000, 0x074c4d40, 0x08c50000)
  from space 8704K,   0% used [0x08c50000, 0x08c50000, 0x094d0000)
  to   space 8704K,   0% used [0x094d0000, 0x094d0000, 0x09d50000)
 tenured generation   total 174784K, used 174783K [0x09d50000, 0x14800000, 0x14800000)
   the space 174784K,  99% used [0x09d50000, 0x147ffff8, 0x14800000, 0x14800000)
 Metaspace       used 3575K, capacity 3987K, committed 4032K, reserved 4480K
}
Event: 166.403 GC heap before
{Heap before GC invocations=19 (full 7):
 def new generation   total 78656K, used 78656K [0x04800000, 0x09d50000, 0x09d50000)
  eden space 69952K, 100% used [0x04800000, 0x08c50000, 0x08c50000)
  from space 8704K, 100% used [0x08c50000, 0x094d0000, 0x094d0000)
  to   space 8704K,   0% used [0x094d0000, 0x094d0000, 0x09d50000)
 tenured generation   total 174784K, used 174783K [0x09d50000, 0x14800000, 0x14800000)
   the space 174784K,  99% used [0x09d50000, 0x147ffff8, 0x14800000, 0x14800000)
 Metaspace       used 3575K, capacity 3987K, committed 4032K, reserved 4480K
Event: 168.056 GC heap after
Heap after GC invocations=20 (full 8):
 def new generation   total 78656K, used 62684K [0x04800000, 0x09d50000, 0x09d50000)
  eden space 69952K,  89% used [0x04800000, 0x08537170, 0x08c50000)
  from space 8704K,   0% used [0x08c50000, 0x08c50000, 0x094d0000)
  to   space 8704K,   0% used [0x094d0000, 0x094d0000, 0x09d50000)
 tenured generation   total 174784K, used 174783K [0x09d50000, 0x14800000, 0x14800000)
   the space 174784K,  99% used [0x09d50000, 0x147ffff8, 0x14800000, 0x14800000)
 Metaspace       used 3575K, capacity 3987K, committed 4032K, reserved 4480K
}
Event: 170.736 GC heap before
{Heap before GC invocations=20 (full 8):
 def new generation   total 78656K, used 78010K [0x04800000, 0x09d50000, 0x09d50000)
  eden space 69952K, 100% used [0x04800000, 0x08c50000, 0x08c50000)
  from space 8704K,  92% used [0x08c50000, 0x0942e818, 0x094d0000)
  to   space 8704K,   0% used [0x094d0000, 0x094d0000, 0x09d50000)
 tenured generation   total 174784K, used 174783K [0x09d50000, 0x14800000, 0x14800000)
   the space 174784K,  99% used [0x09d50000, 0x147ffff8, 0x14800000, 0x14800000)
 Metaspace       used 3575K, capacity 3987K, committed 4032K, reserved 4480K
Event: 172.197 GC heap after
Heap after GC invocations=21 (full 9):
 def new generation   total 78656K, used 70797K [0x04800000, 0x09d50000, 0x09d50000)
  eden space 69952K,  99% used [0x04800000, 0x08c4fff0, 0x08c50000)
  from space 8704K,   9% used [0x08c50000, 0x08d23798, 0x094d0000)
  to   space 8704K,   0% used [0x094d0000, 0x094d0000, 0x09d50000)
 tenured generation   total 174784K, used 174783K [0x09d50000, 0x14800000, 0x14800000)
   the space 174784K,  99% used [0x09d50000, 0x147ffff8, 0x14800000, 0x14800000)
 Metaspace       used 3575K, capacity 3987K, committed 4032K, reserved 4480K
}
Event: 172.197 GC heap before
{Heap before GC invocations=21 (full 9):
 def new generation   total 78656K, used 70797K [0x04800000, 0x09d50000, 0x09d50000)
  eden space 69952K,  99% used [0x04800000, 0x08c4fff0, 0x08c50000)
  from space 8704K,   9% used [0x08c50000, 0x08d23798, 0x094d0000)
  to   space 8704K,   0% used [0x094d0000, 0x094d0000, 0x09d50000)
 tenured generation   total 174784K, used 174783K [0x09d50000, 0x14800000, 0x14800000)
   the space 174784K,  99% used [0x09d50000, 0x147ffff8, 0x14800000, 0x14800000)
 Metaspace       used 3575K, capacity 3987K, committed 4032K, reserved 4480K
Event: 173.802 GC heap after
Heap after GC invocations=22 (full 10):
 def new generation   total 78656K, used 70780K [0x04800000, 0x09d50000, 0x09d50000)
  eden space 69952K,  99% used [0x04800000, 0x08c4ffe8, 0x08c50000)
  from space 8704K,   9% used [0x08c50000, 0x08d1f240, 0x094d0000)
  to   space 8704K,   0% used [0x094d0000, 0x094d0000, 0x09d50000)
 tenured generation   total 174784K, used 174783K [0x09d50000, 0x14800000, 0x14800000)
   the space 174784K,  99% used [0x09d50000, 0x147ffff0, 0x14800000, 0x14800000)
 Metaspace       used 3575K, capacity 3987K, committed 4032K, reserved 4480K
}

