# JRE version: Java(TM) SE Runtime Environment (8.0_91-b15) (build 1.8.0_91-b15)
# Java VM: Java HotSpot(TM) Client VM (25.91-b15 mixed mode, sharing windows-x86 )
Heap:
 def new generation   total 78656K, used 70966K [0x04800000, 0x09d50000, 0x09d50000)
  eden space 69952K, 100% used [0x04800000, 0x08c50000, 0x08c50000)
  from space 8704K,  11% used [0x08c50000, 0x08d4d9e0, 0x094d0000)
  to   space 8704K,   0% used [0x094d0000, 0x094d0000, 0x09d50000)
 tenured generation   total 174784K, used 174783K [0x09d50000, 0x14800000, 0x14800000)
   the space 174784K,  99% used [0x09d50000, 0x147ffff8, 0x14800000, 0x14800000)
 Metaspace       used 3576K, capacity 3985K, committed 4032K, reserved 4480K
GC Heap History (10 events):
Event: 363.040 GC heap before
{Heap before GC invocations=18 (full 5):
 def new generation   total 78656K, used 69952K [0x04800000, 0x09d50000, 0x09d50000)
  eden space 69952K, 100% used [0x04800000, 0x08c50000, 0x08c50000)
  from space 8704K,   0% used [0x08c50000, 0x08c50000, 0x094d0000)
  to   space 8704K,   0% used [0x094d0000, 0x094d0000, 0x09d50000)
 tenured generation   total 174784K, used 154698K [0x09d50000, 0x14800000, 0x14800000)
   the space 174784K,  88% used [0x09d50000, 0x13462a98, 0x13462c00, 0x14800000)
 Metaspace       used 3576K, capacity 3985K, committed 4032K, reserved 4480K
Event: 364.251 GC heap after
Heap after GC invocations=19 (full 6):
 def new generation   total 78656K, used 16929K [0x04800000, 0x09d50000, 0x09d50000)
  eden space 69952K,  24% used [0x04800000, 0x058886c0, 0x08c50000)
  from space 8704K,   0% used [0x08c50000, 0x08c50000, 0x094d0000)
  to   space 8704K,   0% used [0x094d0000, 0x094d0000, 0x09d50000)
 tenured generation   total 174784K, used 174784K [0x09d50000, 0x14800000, 0x14800000)
   the space 174784K, 100% used [0x09d50000, 0x14800000, 0x14800000, 0x14800000)
 Metaspace       used 3576K, capacity 3985K, committed 4032K, reserved 4480K
}
Event: 374.436 GC heap before
{Heap before GC invocations=19 (full 6):
 def new generation   total 78656K, used 78656K [0x04800000, 0x09d50000, 0x09d50000)
  eden space 69952K, 100% used [0x04800000, 0x08c50000, 0x08c50000)
  from space 8704K, 100% used [0x08c50000, 0x094d0000, 0x094d0000)
  to   space 8704K,   0% used [0x094d0000, 0x094d0000, 0x09d50000)
 tenured generation   total 174784K, used 174784K [0x09d50000, 0x14800000, 0x14800000)
   the space 174784K, 100% used [0x09d50000, 0x14800000, 0x14800000, 0x14800000)
 Metaspace       used 3576K, capacity 3985K, committed 4032K, reserved 4480K
Event: 375.846 GC heap after
Heap after GC invocations=20 (full 7):
 def new generation   total 78656K, used 49596K [0x04800000, 0x09d50000, 0x09d50000)
  eden space 69952K,  70% used [0x04800000, 0x0786f298, 0x08c50000)
  from space 8704K,   0% used [0x08c50000, 0x08c50000, 0x094d0000)
  to   space 8704K,   0% used [0x094d0000, 0x094d0000, 0x09d50000)
 tenured generation   total 174784K, used 174784K [0x09d50000, 0x14800000, 0x14800000)
   the space 174784K, 100% used [0x09d50000, 0x14800000, 0x14800000, 0x14800000)
 Metaspace       used 3576K, capacity 3985K, committed 4032K, reserved 4480K
}
Event: 380.796 GC heap before
{Heap before GC invocations=20 (full 7):
 def new generation   total 78656K, used 78656K [0x04800000, 0x09d50000, 0x09d50000)
  eden space 69952K, 100% used [0x04800000, 0x08c50000, 0x08c50000)
  from space 8704K, 100% used [0x08c50000, 0x094d0000, 0x094d0000)
  to   space 8704K,   0% used [0x094d0000, 0x094d0000, 0x09d50000)
 tenured generation   total 174784K, used 174784K [0x09d50000, 0x14800000, 0x14800000)
   the space 174784K, 100% used [0x09d50000, 0x14800000, 0x14800000, 0x14800000)
 Metaspace       used 3576K, capacity 3985K, committed 4032K, reserved 4480K
Event: 382.471 GC heap after
Heap after GC invocations=21 (full 8):
 def new generation   total 78656K, used 64972K [0x04800000, 0x09d50000, 0x09d50000)
  eden space 69952K,  92% used [0x04800000, 0x08773160, 0x08c50000)
  from space 8704K,   0% used [0x08c50000, 0x08c50000, 0x094d0000)
  to   space 8704K,   0% used [0x094d0000, 0x094d0000, 0x09d50000)
 tenured generation   total 174784K, used 174784K [0x09d50000, 0x14800000, 0x14800000)
   the space 174784K, 100% used [0x09d50000, 0x14800000, 0x14800000, 0x14800000)
 Metaspace       used 3576K, capacity 3985K, committed 4032K, reserved 4480K
}
Event: 384.486 GC heap before
{Heap before GC invocations=21 (full 8):
 def new generation   total 78656K, used 76341K [0x04800000, 0x09d50000, 0x09d50000)
  eden space 69952K, 100% used [0x04800000, 0x08c50000, 0x08c50000)
  from space 8704K,  73% used [0x08c50000, 0x0928d530, 0x094d0000)
  to   space 8704K,   0% used [0x094d0000, 0x094d0000, 0x09d50000)
 tenured generation   total 174784K, used 174784K [0x09d50000, 0x14800000, 0x14800000)
   the space 174784K, 100% used [0x09d50000, 0x14800000, 0x14800000, 0x14800000)
 Metaspace       used 3576K, capacity 3985K, committed 4032K, reserved 4480K
Event: 385.984 GC heap after
Heap after GC invocations=22 (full 9):
 def new generation   total 78656K, used 70983K [0x04800000, 0x09d50000, 0x09d50000)
  eden space 69952K, 100% used [0x04800000, 0x08c50000, 0x08c50000)
  from space 8704K,  11% used [0x08c50000, 0x08d51d60, 0x094d0000)
  to   space 8704K,   0% used [0x094d0000, 0x094d0000, 0x09d50000)
 tenured generation   total 174784K, used 174784K [0x09d50000, 0x14800000, 0x14800000)
   the space 174784K, 100% used [0x09d50000, 0x14800000, 0x14800000, 0x14800000)
 Metaspace       used 3576K, capacity 3985K, committed 4032K, reserved 4480K
}
Event: 385.984 GC heap before
{Heap before GC invocations=22 (full 9):
 def new generation   total 78656K, used 70983K [0x04800000, 0x09d50000, 0x09d50000)
  eden space 69952K, 100% used [0x04800000, 0x08c50000, 0x08c50000)
  from space 8704K,  11% used [0x08c50000, 0x08d51d60, 0x094d0000)
  to   space 8704K,   0% used [0x094d0000, 0x094d0000, 0x09d50000)
 tenured generation   total 174784K, used 174784K [0x09d50000, 0x14800000, 0x14800000)
   the space 174784K, 100% used [0x09d50000, 0x14800000, 0x14800000, 0x14800000)
 Metaspace       used 3576K, capacity 3985K, committed 4032K, reserved 4480K
Event: 387.670 GC heap after
Heap after GC invocations=23 (full 10):
 def new generation   total 78656K, used 70966K [0x04800000, 0x09d50000, 0x09d50000)
  eden space 69952K, 100% used [0x04800000, 0x08c50000, 0x08c50000)
  from space 8704K,  11% used [0x08c50000, 0x08d4d9e0, 0x094d0000)
  to   space 8704K,   0% used [0x094d0000, 0x094d0000, 0x09d50000)
 tenured generation   total 174784K, used 174783K [0x09d50000, 0x14800000, 0x14800000)
   the space 174784K,  99% used [0x09d50000, 0x147ffff8, 0x14800000, 0x14800000)
 Metaspace       used 3576K, capacity 3985K, committed 4032K, reserved 4480K
}

