# JRE version: Java(TM) SE Runtime Environment (8.0_91-b15) (build 1.8.0_91-b15)
# Java VM: Java HotSpot(TM) Client VM (25.91-b15 mixed mode, sharing windows-x86 )
Heap:
 def new generation   total 78656K, used 70781K [0x04a00000, 0x09f50000, 0x09f50000)
  eden space 69952K,  99% used [0x04a00000, 0x08e4fff0, 0x08e50000)
  from space 8704K,   9% used [0x08e50000, 0x08f1f568, 0x096d0000)
  to   space 8704K,   0% used [0x096d0000, 0x096d0000, 0x09f50000)
 tenured generation   total 174784K, used 174783K [0x09f50000, 0x14a00000, 0x14a00000)
   the space 174784K,  99% used [0x09f50000, 0x149ffff8, 0x14a00000, 0x14a00000)
 Metaspace       used 3616K, capacity 3987K, committed 4032K, reserved 4480K
GC Heap History (10 events):
Event: 166.407 GC heap before
{Heap before GC invocations=18 (full 6):
 def new generation   total 78656K, used 78656K [0x04a00000, 0x09f50000, 0x09f50000)
  eden space 69952K, 100% used [0x04a00000, 0x08e50000, 0x08e50000)
  from space 8704K, 100% used [0x08e50000, 0x096d0000, 0x096d0000)
  to   space 8704K,   0% used [0x096d0000, 0x096d0000, 0x09f50000)
 tenured generation   total 174784K, used 174784K [0x09f50000, 0x14a00000, 0x14a00000)
   the space 174784K, 100% used [0x09f50000, 0x14a00000, 0x14a00000, 0x14a00000)
 Metaspace       used 3616K, capacity 3987K, committed 4032K, reserved 4480K
Event: 167.833 GC heap after
Heap after GC invocations=19 (full 7):
 def new generation   total 78656K, used 56026K [0x04a00000, 0x09f50000, 0x09f50000)
  eden space 69952K,  80% used [0x04a00000, 0x080b6b90, 0x08e50000)
  from space 8704K,   0% used [0x08e50000, 0x08e50000, 0x096d0000)
  to   space 8704K,   0% used [0x096d0000, 0x096d0000, 0x09f50000)
 tenured generation   total 174784K, used 174784K [0x09f50000, 0x14a00000, 0x14a00000)
   the space 174784K, 100% used [0x09f50000, 0x14a00000, 0x14a00000, 0x14a00000)
 Metaspace       used 3616K, capacity 3987K, committed 4032K, reserved 4480K
}
Event: 171.720 GC heap before
{Heap before GC invocations=19 (full 7):
 def new generation   total 78656K, used 78656K [0x04a00000, 0x09f50000, 0x09f50000)
  eden space 69952K, 100% used [0x04a00000, 0x08e50000, 0x08e50000)
  from space 8704K, 100% used [0x08e50000, 0x096d0000, 0x096d0000)
  to   space 8704K,   0% used [0x096d0000, 0x096d0000, 0x09f50000)
 tenured generation   total 174784K, used 174784K [0x09f50000, 0x14a00000, 0x14a00000)
   the space 174784K, 100% used [0x09f50000, 0x14a00000, 0x14a00000, 0x14a00000)
 Metaspace       used 3616K, capacity 3987K, committed 4032K, reserved 4480K
Event: 173.377 GC heap after
Heap after GC invocations=20 (full 8):
 def new generation   total 78656K, used 60729K [0x04a00000, 0x09f50000, 0x09f50000)
  eden space 69952K,  86% used [0x04a00000, 0x0854e410, 0x08e50000)
  from space 8704K,   0% used [0x08e50000, 0x08e50000, 0x096d0000)
  to   space 8704K,   0% used [0x096d0000, 0x096d0000, 0x09f50000)
 tenured generation   total 174784K, used 174784K [0x09f50000, 0x14a00000, 0x14a00000)
   the space 174784K, 100% used [0x09f50000, 0x14a00000, 0x14a00000, 0x14a00000)
 Metaspace       used 3616K, capacity 3987K, committed 4032K, reserved 4480K
}
Event: 176.748 GC heap before
{Heap before GC invocations=20 (full 8):
 def new generation   total 78656K, used 78656K [0x04a00000, 0x09f50000, 0x09f50000)
  eden space 69952K, 100% used [0x04a00000, 0x08e50000, 0x08e50000)
  from space 8704K, 100% used [0x08e50000, 0x096d0000, 0x096d0000)
  to   space 8704K,   0% used [0x096d0000, 0x096d0000, 0x09f50000)
 tenured generation   total 174784K, used 174784K [0x09f50000, 0x14a00000, 0x14a00000)
   the space 174784K, 100% used [0x09f50000, 0x14a00000, 0x14a00000, 0x14a00000)
 Metaspace       used 3616K, capacity 3987K, committed 4032K, reserved 4480K
Event: 178.263 GC heap after
Heap after GC invocations=21 (full 9):
 def new generation   total 78656K, used 70210K [0x04a00000, 0x09f50000, 0x09f50000)
  eden space 69952K,  99% used [0x04a00000, 0x08e4ffe8, 0x08e50000)
  from space 8704K,   2% used [0x08e50000, 0x08e90840, 0x096d0000)
  to   space 8704K,   0% used [0x096d0000, 0x096d0000, 0x09f50000)
 tenured generation   total 174784K, used 174784K [0x09f50000, 0x14a00000, 0x14a00000)
   the space 174784K, 100% used [0x09f50000, 0x14a00000, 0x14a00000, 0x14a00000)
 Metaspace       used 3616K, capacity 3987K, committed 4032K, reserved 4480K
}
Event: 178.475 GC heap before
{Heap before GC invocations=21 (full 9):
 def new generation   total 78656K, used 71321K [0x04a00000, 0x09f50000, 0x09f50000)
  eden space 69952K, 100% used [0x04a00000, 0x08e50000, 0x08e50000)
  from space 8704K,  15% used [0x08e50000, 0x08fa6480, 0x096d0000)
  to   space 8704K,   0% used [0x096d0000, 0x096d0000, 0x09f50000)
 tenured generation   total 174784K, used 174784K [0x09f50000, 0x14a00000, 0x14a00000)
   the space 174784K, 100% used [0x09f50000, 0x14a00000, 0x14a00000, 0x14a00000)
 Metaspace       used 3616K, capacity 3987K, committed 4032K, reserved 4480K
Event: 179.913 GC heap after
Heap after GC invocations=22 (full 10):
 def new generation   total 78656K, used 70798K [0x04a00000, 0x09f50000, 0x09f50000)
  eden space 69952K, 100% used [0x04a00000, 0x08e50000, 0x08e50000)
  from space 8704K,   9% used [0x08e50000, 0x08f238c8, 0x096d0000)
  to   space 8704K,   0% used [0x096d0000, 0x096d0000, 0x09f50000)
 tenured generation   total 174784K, used 174784K [0x09f50000, 0x14a00000, 0x14a00000)
   the space 174784K, 100% used [0x09f50000, 0x14a00000, 0x14a00000, 0x14a00000)
 Metaspace       used 3616K, capacity 3987K, committed 4032K, reserved 4480K
}
Event: 179.913 GC heap before
{Heap before GC invocations=22 (full 10):
 def new generation   total 78656K, used 70798K [0x04a00000, 0x09f50000, 0x09f50000)
  eden space 69952K, 100% used [0x04a00000, 0x08e50000, 0x08e50000)
  from space 8704K,   9% used [0x08e50000, 0x08f238c8, 0x096d0000)
  to   space 8704K,   0% used [0x096d0000, 0x096d0000, 0x09f50000)
 tenured generation   total 174784K, used 174784K [0x09f50000, 0x14a00000, 0x14a00000)
   the space 174784K, 100% used [0x09f50000, 0x14a00000, 0x14a00000, 0x14a00000)
 Metaspace       used 3616K, capacity 3987K, committed 4032K, reserved 4480K
Event: 181.741 GC heap after
Heap after GC invocations=23 (full 11):
 def new generation   total 78656K, used 70781K [0x04a00000, 0x09f50000, 0x09f50000)
  eden space 69952K,  99% used [0x04a00000, 0x08e4fff0, 0x08e50000)
  from space 8704K,   9% used [0x08e50000, 0x08f1f500, 0x096d0000)
  to   space 8704K,   0% used [0x096d0000, 0x096d0000, 0x09f50000)
 tenured generation   total 174784K, used 174783K [0x09f50000, 0x14a00000, 0x14a00000)
   the space 174784K,  99% used [0x09f50000, 0x149ffff8, 0x14a00000, 0x14a00000)
 Metaspace       used 3616K, capacity 3987K, committed 4032K, reserved 4480K
}

