# JRE version: Java(TM) SE Runtime Environment (8.0_91-b15) (build 1.8.0_91-b15)
# Java VM: Java HotSpot(TM) Client VM (25.91-b15 mixed mode, sharing windows-x86 )
Heap:
 def new generation   total 78656K, used 70778K [0x04800000, 0x09d50000, 0x09d50000)
  eden space 69952K, 100% used [0x04800000, 0x08c50000, 0x08c50000)
  from space 8704K,   9% used [0x08c50000, 0x08d1e998, 0x094d0000)
  to   space 8704K,   0% used [0x094d0000, 0x094d0000, 0x09d50000)
 tenured generation   total 174784K, used 174783K [0x09d50000, 0x14800000, 0x14800000)
   the space 174784K,  99% used [0x09d50000, 0x147fffe8, 0x14800000, 0x14800000)
 Metaspace       used 3577K, capacity 3987K, committed 4032K, reserved 4480K
GC Heap History (10 events):
Event: 64.848 GC heap before
{Heap before GC invocations=17 (full 5):
 def new generation   total 78656K, used 69952K [0x04800000, 0x09d50000, 0x09d50000)
  eden space 69952K, 100% used [0x04800000, 0x08c50000, 0x08c50000)
  from space 8704K,   0% used [0x08c50000, 0x08c50000, 0x094d0000)
  to   space 8704K,   0% used [0x094d0000, 0x094d0000, 0x09d50000)
 tenured generation   total 174784K, used 149443K [0x09d50000, 0x14800000, 0x14800000)
   the space 174784K,  85% used [0x09d50000, 0x12f40dc0, 0x12f40e00, 0x14800000)
 Metaspace       used 3576K, capacity 3987K, committed 4032K, reserved 4480K
Event: 66.022 GC heap after
Heap after GC invocations=18 (full 6):
 def new generation   total 78656K, used 11678K [0x04800000, 0x09d50000, 0x09d50000)
  eden space 69952K,  16% used [0x04800000, 0x05367a20, 0x08c50000)
  from space 8704K,   0% used [0x08c50000, 0x08c50000, 0x094d0000)
  to   space 8704K,   0% used [0x094d0000, 0x094d0000, 0x09d50000)
 tenured generation   total 174784K, used 174783K [0x09d50000, 0x14800000, 0x14800000)
   the space 174784K,  99% used [0x09d50000, 0x147ffff8, 0x14800000, 0x14800000)
 Metaspace       used 3576K, capacity 3987K, committed 4032K, reserved 4480K
}
Event: 90.243 GC heap before
{Heap before GC invocations=18 (full 6):
 def new generation   total 78656K, used 78656K [0x04800000, 0x09d50000, 0x09d50000)
  eden space 69952K, 100% used [0x04800000, 0x08c50000, 0x08c50000)
  from space 8704K, 100% used [0x08c50000, 0x094d0000, 0x094d0000)
  to   space 8704K,   0% used [0x094d0000, 0x094d0000, 0x09d50000)
 tenured generation   total 174784K, used 174783K [0x09d50000, 0x14800000, 0x14800000)
   the space 174784K,  99% used [0x09d50000, 0x147ffff8, 0x14800000, 0x14800000)
 Metaspace       used 3577K, capacity 3987K, committed 4032K, reserved 4480K
Event: 91.652 GC heap after
Heap after GC invocations=19 (full 7):
 def new generation   total 78656K, used 46837K [0x04800000, 0x09d50000, 0x09d50000)
  eden space 69952K,  66% used [0x04800000, 0x075bd7c0, 0x08c50000)
  from space 8704K,   0% used [0x08c50000, 0x08c50000, 0x094d0000)
  to   space 8704K,   0% used [0x094d0000, 0x094d0000, 0x09d50000)
 tenured generation   total 174784K, used 174783K [0x09d50000, 0x14800000, 0x14800000)
   the space 174784K,  99% used [0x09d50000, 0x147ffff8, 0x14800000, 0x14800000)
 Metaspace       used 3577K, capacity 3987K, committed 4032K, reserved 4480K
}
Event: 118.784 GC heap before
{Heap before GC invocations=19 (full 7):
 def new generation   total 78656K, used 78656K [0x04800000, 0x09d50000, 0x09d50000)
  eden space 69952K, 100% used [0x04800000, 0x08c50000, 0x08c50000)
  from space 8704K, 100% used [0x08c50000, 0x094d0000, 0x094d0000)
  to   space 8704K,   0% used [0x094d0000, 0x094d0000, 0x09d50000)
 tenured generation   total 174784K, used 174783K [0x09d50000, 0x14800000, 0x14800000)
   the space 174784K,  99% used [0x09d50000, 0x147ffff8, 0x14800000, 0x14800000)
 Metaspace       used 3577K, capacity 3987K, committed 4032K, reserved 4480K
Event: 120.423 GC heap after
Heap after GC invocations=20 (full 8):
 def new generation   total 78656K, used 62533K [0x04800000, 0x09d50000, 0x09d50000)
  eden space 69952K,  89% used [0x04800000, 0x08511788, 0x08c50000)
  from space 8704K,   0% used [0x08c50000, 0x08c50000, 0x094d0000)
  to   space 8704K,   0% used [0x094d0000, 0x094d0000, 0x09d50000)
 tenured generation   total 174784K, used 174783K [0x09d50000, 0x14800000, 0x14800000)
   the space 174784K,  99% used [0x09d50000, 0x147ffff0, 0x14800000, 0x14800000)
 Metaspace       used 3577K, capacity 3987K, committed 4032K, reserved 4480K
}
Event: 123.192 GC heap before
{Heap before GC invocations=20 (full 8):
 def new generation   total 78656K, used 78396K [0x04800000, 0x09d50000, 0x09d50000)
  eden space 69952K, 100% used [0x04800000, 0x08c50000, 0x08c50000)
  from space 8704K,  97% used [0x08c50000, 0x0948f238, 0x094d0000)
  to   space 8704K,   0% used [0x094d0000, 0x094d0000, 0x09d50000)
 tenured generation   total 174784K, used 174783K [0x09d50000, 0x14800000, 0x14800000)
   the space 174784K,  99% used [0x09d50000, 0x147ffff0, 0x14800000, 0x14800000)
 Metaspace       used 3577K, capacity 3987K, committed 4032K, reserved 4480K
Event: 124.737 GC heap after
Heap after GC invocations=21 (full 9):
 def new generation   total 78656K, used 70795K [0x04800000, 0x09d50000, 0x09d50000)
  eden space 69952K,  99% used [0x04800000, 0x08c4fff8, 0x08c50000)
  from space 8704K,   9% used [0x08c50000, 0x08d22d78, 0x094d0000)
  to   space 8704K,   0% used [0x094d0000, 0x094d0000, 0x09d50000)
 tenured generation   total 174784K, used 174783K [0x09d50000, 0x14800000, 0x14800000)
   the space 174784K,  99% used [0x09d50000, 0x147ffff0, 0x14800000, 0x14800000)
 Metaspace       used 3577K, capacity 3987K, committed 4032K, reserved 4480K
}
Event: 124.737 GC heap before
{Heap before GC invocations=21 (full 9):
 def new generation   total 78656K, used 70795K [0x04800000, 0x09d50000, 0x09d50000)
  eden space 69952K,  99% used [0x04800000, 0x08c4fff8, 0x08c50000)
  from space 8704K,   9% used [0x08c50000, 0x08d22d78, 0x094d0000)
  to   space 8704K,   0% used [0x094d0000, 0x094d0000, 0x09d50000)
 tenured generation   total 174784K, used 174783K [0x09d50000, 0x14800000, 0x14800000)
   the space 174784K,  99% used [0x09d50000, 0x147ffff0, 0x14800000, 0x14800000)
 Metaspace       used 3577K, capacity 3987K, committed 4032K, reserved 4480K
Event: 126.414 GC heap after
Heap after GC invocations=22 (full 10):
 def new generation   total 78656K, used 70778K [0x04800000, 0x09d50000, 0x09d50000)
  eden space 69952K, 100% used [0x04800000, 0x08c50000, 0x08c50000)
  from space 8704K,   9% used [0x08c50000, 0x08d1e998, 0x094d0000)
  to   space 8704K,   0% used [0x094d0000, 0x094d0000, 0x09d50000)
 tenured generation   total 174784K, used 174783K [0x09d50000, 0x14800000, 0x14800000)
   the space 174784K,  99% used [0x09d50000, 0x147fffe8, 0x14800000, 0x14800000)
 Metaspace       used 3577K, capacity 3987K, committed 4032K, reserved 4480K
}

